DEBUG:urllib3.connectionpool:Starting new HTTP connection (1): docs.scipy.org:80
DEBUG:urllib3.connectionpool:Starting new HTTP connection (1): docs.python.org:80
DEBUG:urllib3.connectionpool:Starting new HTTP connection (1): docs.scipy.org:80
DEBUG:urllib3.connectionpool:Starting new HTTP connection (1): matplotlib.sourceforge.net:80
DEBUG:urllib3.connectionpool:Starting new HTTPS connection (1): networkx.github.io:443
DEBUG:urllib3.connectionpool:http://docs.python.org:80 "GET /2/objects.inv HTTP/1.1" 301 0
DEBUG:urllib3.connectionpool:Starting new HTTPS connection (1): docs.python.org:443
DEBUG:urllib3.connectionpool:http://docs.scipy.org:80 "GET /doc/scipy/reference/objects.inv HTTP/1.1" 301 342
DEBUG:urllib3.connectionpool:http://docs.scipy.org:80 "GET /doc/numpy/objects.inv HTTP/1.1" 301 332
DEBUG:urllib3.connectionpool:Starting new HTTPS connection (1): docs.scipy.org:443
DEBUG:urllib3.connectionpool:Starting new HTTPS connection (1): docs.scipy.org:443
DEBUG:urllib3.connectionpool:https://networkx.github.io:443 "GET /documentation/stable/objects.inv HTTP/1.1" 301 162
DEBUG:urllib3.connectionpool:Starting new HTTPS connection (1): networkx.org:443
DEBUG:urllib3.connectionpool:http://matplotlib.sourceforge.net:80 "GET /objects.inv HTTP/1.1" 301 241
DEBUG:urllib3.connectionpool:Starting new HTTP connection (1): matplotlib.org:80
DEBUG:urllib3.connectionpool:https://docs.python.org:443 "GET /2/objects.inv HTTP/1.1" 200 85381
DEBUG:urllib3.connectionpool:http://matplotlib.org:80 "GET /objects.inv HTTP/1.1" 301 None
DEBUG:urllib3.connectionpool:Starting new HTTPS connection (1): matplotlib.org:443
DEBUG:urllib3.connectionpool:https://docs.scipy.org:443 "GET /doc/scipy/reference/objects.inv HTTP/1.1" 200 81641
DEBUG:urllib3.connectionpool:https://docs.scipy.org:443 "GET /doc/numpy/objects.inv HTTP/1.1" 301 329
DEBUG:urllib3.connectionpool:Starting new HTTPS connection (1): numpy.org:443
DEBUG:urllib3.connectionpool:https://matplotlib.org:443 "GET /objects.inv HTTP/1.1" 200 98623
DEBUG:urllib3.connectionpool:https://networkx.org:443 "GET /documentation/stable/objects.inv HTTP/1.1" 200 36576
DEBUG:urllib3.connectionpool:https://numpy.org:443 "GET /doc/stable/objects.inv HTTP/1.1" 200 62911
